2022-03-23 12:36:55,893 - Mail Sent. Contact: Tizita Makuria. Recipient: tizita.demos@artistpg.com. Song: Psycho. Email Type: Normal Email
2022-03-23 12:36:58,458 - Mail Sent. Contact: Lisa Mottahdeh. Recipient: urban@artistpg.com. Song: Psycho. Email Type: General Email
2022-03-23 12:37:01,710 - Mail Sent. Contact: Cubeatz. Recipient: sample.cubeatz@gmail.com. Song: Psycho. Email Type: Normal Email
2022-03-23 12:37:04,209 - Mail Sent. Contact: Matt Dodds. Recipient: matt@dittomgmt.com. Song: Psycho. Email Type: Normal Email
2022-03-23 12:37:06,801 - Mail Sent. Contact: Max von Thadden. Recipient: max.vonthadden@sonymusic.com. Song: Psycho. Email Type: Normal Email
2022-03-23 12:37:09,246 - Mail Sent. Contact: Kobalt Team. Recipient: info@kobaltmusic.com. Song: Psycho. Email Type: General Email
2022-03-23 12:37:11,738 - Mail Sent. Contact: Moritz Pahl. Recipient: moritz.pahl@kobaltmusic.com. Song: Psycho. Email Type: Normal Email
2022-03-23 12:37:14,226 - Mail Sent. Contact: Swantje Weinert. Recipient: swantje.weinert@kobaltmusic.com. Song: Psycho. Email Type: Normal Email
2022-03-23 12:37:16,776 - Mail Sent. Contact: Carolina Eriksson. Recipient: carolina.eriksson@kobaltmusic.com. Song: Psycho. Email Type: Normal Email
2022-03-23 12:37:19,727 - Mail Sent. Contact: Lisa Holmgren. Recipient: lisa.holmgren@kobaltmusic.com. Song: Psycho. Email Type: Normal Email
2022-03-23 12:37:22,183 - Mail Sent. Contact: Molly McNulty. Recipient: molly.mcnulty@kobaltmusic.com. Song: Psycho. Email Type: Normal Email
2022-03-23 12:37:24,862 - Mail Sent. Contact: Jonathan Rotem. Recipient: talent4lyonestates@gmail.com. Song: Psycho. Email Type: Normal Email
2022-03-23 12:37:28,097 - Mail Sent. Contact: Nino. Recipient: nino@nordicmusicpartners.com. Song: Psycho. Email Type: Normal Email
2022-03-23 12:37:30,579 - Mail Sent. Contact: Pulse Music Team. Recipient: info@pulsemusicgroup.com. Song: Psycho. Email Type: General Email
2022-03-23 12:37:33,076 - Mail Sent. Contact: Reservoir Media Team. Recipient: info@reservoirmedia.com. Song: Psycho. Email Type: General Email
2022-03-23 12:37:35,574 - Mail Sent. Contact: S10 Entertainment Team. Recipient: contact@s10e.com. Song: Psycho. Email Type: General Email
2022-03-23 12:37:38,130 - Mail Sent. Contact: Dylan Silbermann. Recipient: dylan@seekermusic.com. Song: Psycho. Email Type: Normal Email
2022-03-23 12:37:41,258 - Mail Sent. Contact: Tim Maginnis. Recipient: tim.maginnis@sonymusic.com. Song: Psycho. Email Type: Normal Email
2022-03-23 12:37:43,859 - Mail Sent. Contact: Sony Music Team. Recipient: info@sonymusicpub.com. Song: Psycho. Email Type: General Email
2022-03-23 12:37:46,450 - Mail Sent. Contact: Rachel Winship. Recipient: rachel.winship@sonymusic.com. Song: Psycho. Email Type: Normal Email
2022-03-23 12:37:48,863 - Mail Sent. Contact: Sony Music Belgium Team. Recipient: Info.be@sonymusic.com. Song: Psycho. Email Type: General Email
2022-03-23 12:37:51,320 - Mail Sent. Contact: Sony Music Germany Team. Recipient: kontakt@sonymusic.com. Song: Psycho. Email Type: General Email
2022-03-23 12:37:54,019 - Mail Sent. Contact: Franziska Schmidt. Recipient: franziska.schmidt@sonymusicpub.com. Song: Psycho. Email Type: Normal Email
2022-03-23 12:37:56,555 - Mail Sent. Contact: Sony Music Scandinavia Team. Recipient: demo.sca@sonymusicpub.com. Song: Psycho. Email Type: Normal Email
2022-03-23 12:37:59,163 - Mail Sent. Contact: Sony Music Scandinavia. Recipient: request.sca@sonymusicpub.com. Song: Psycho. Email Type: General Email
2022-03-23 12:38:02,048 - Mail Sent. Contact: Sony Music Sweden Team. Recipient: info.sweden@sonymusic.com. Song: Psycho. Email Type: General Email
2022-03-23 12:38:04,759 - Mail Sent. Contact: Sony Music UK Team. Recipient: reception.enquiries@sonymusic.com. Song: Psycho. Email Type: General Email
2022-03-23 12:38:07,761 - Mail Sent. Contact: Sony France Team. Recipient: info.fr@sonymusicpub.com. Song: Psycho. Email Type: General Email
2022-03-23 12:38:10,362 - Mail Sent. Contact: Sony Germany Team. Recipient: contact.de@sonymusicpub.com. Song: Psycho. Email Type: General Email
2022-03-23 12:38:13,467 - Mail Sent. Contact: Sony Netherlands Team. Recipient: info.benelux@sonymusicpub.com. Song: Psycho. Email Type: General Email
2022-03-23 12:38:16,440 - Mail Sent. Contact: Sony UK Team. Recipient: sync_marketing.uk@sonymusicpub.com. Song: Psycho. Email Type: General Email
2022-03-23 12:38:19,203 - Mail Sent. Contact: Natalie Dodge. Recipient: Natalie.Dodge@umusic.com. Song: Psycho. Email Type: Normal Email
2022-03-23 12:38:22,186 - Mail Sent. Contact: Universal Music Team. Recipient: communications@umusic.com. Song: Psycho. Email Type: General Email
2022-03-23 12:38:24,812 - Mail Sent. Contact: Laura Minutolo. Recipient: Laura.Minutolo@umusic.com. Song: Psycho. Email Type: Normal Email
2022-03-23 12:38:27,475 - Mail Sent. Contact: Tommy Gin. Recipient: tommy@ginagency.com. Song: Psycho. Email Type: Management Email
2022-03-23 12:38:30,238 - Mail Sent. Contact: Dirk Hemsath. Recipient: dirk@hrd8wrk.com. Song: Psycho. Email Type: Management Email
2022-03-23 12:38:32,811 - Mail Sent. Contact: David Conway. Recipient: conway@hrd8wrk.com. Song: Psycho. Email Type: Management Email
2022-03-23 12:38:35,385 - Mail Sent. Contact: Matt Feldman. Recipient: matt@hrd8wrk.com. Song: Psycho. Email Type: Management Email
2022-03-23 12:38:38,058 - Mail Sent. Contact: Jae Butt. Recipient: jae@luckyent.com. Song: Psycho. Email Type: Management Email
2022-03-23 12:38:41,182 - Mail Sent. Contact: Jack Minihan. Recipient: Jminihan@rangemp.com. Song: Psycho. Email Type: Management Email
2022-03-23 12:38:43,756 - Mail Sent. Contact: Amy Morgen. Recipient: info@sept.com. Song: Psycho. Email Type: General Email
2022-03-23 12:38:46,265 - Mail Sent. Contact: Amanda Kiflay. Recipient: amanda.kiflay@sonymusicpub.com. Song: Psycho. Email Type: Normal Email
2022-03-23 12:38:48,700 - Mail Sent. Contact: Lasse Ewald. Recipient: lasse.ewald@sonymusicpub.com. Song: Psycho. Email Type: Normal Email
2022-03-23 12:38:51,399 - Mail Sent. Contact: Kristoffer Aase. Recipient: Kristoffer.Aase@umusic.com. Song: Psycho. Email Type: Normal Email
2022-03-23 12:38:54,376 - Mail Sent. Contact: George. Recipient: george@variousartistsmanagement.com. Song: Psycho. Email Type: Management Email
2022-03-23 12:38:56,858 - Mail Sent. Contact: Stine Lieng. Recipient: stine.lieng@warnerchappell.com. Song: Psycho. Email Type: Normal Email
2022-03-23 12:38:59,853 - Mail Sent. Contact: Petter Walthinsen. Recipient: PetterWalther.Walthinsen@warnerchappell.com. Song: Psycho. Email Type: Normal Email
2022-03-23 12:39:03,353 - Mail Sent. Contact: Ashleigh Smith. Recipient: ashleigh@wideeyedent.com. Song: Psycho. Email Type: Management Email
2022-03-23 12:39:06,063 - Mail Sent. Contact: Sarita Borge. Recipient: sarita.borge@ymugroup.com. Song: Psycho. Email Type: Management Email
2022-03-23 12:39:08,671 - Mail Sent. Contact: Adam Alpert. Recipient: adam@disruptorrecords.com. Song: Psycho. Email Type: Management Email
2022-03-23 12:39:11,203 - Mail Sent. Contact: BMG Scandinavia Team. Recipient: info.se@bmg.com. Song: Psycho. Email Type: General Email
2022-03-23 12:39:14,084 - Mail Sent. Contact: Tjark Hartwig. Recipient: tjark.hartwig@sonymusic.com. Song: Psycho. Email Type: Normal Email
2022-03-23 12:39:16,973 - Mail Sent. Contact: Disruptor Team. Recipient: info@disruptorrecords.com. Song: Psycho. Email Type: General Email
2022-03-23 12:39:19,465 - Mail Sent. Contact: Full Stop Team. Recipient: info@fullstopmgmt.com. Song: Psycho. Email Type: General Email
2022-03-23 12:39:21,843 - Mail Sent. Contact: Nice Live Music Team. Recipient: hello@nice.life. Song: Psycho. Email Type: General Email
2022-03-23 12:39:24,335 - Mail Sent. Contact: Keith Wozencroft. Recipient: keith.wozencroft@emimusic.com. Song: Psycho. Email Type: Normal Email
2022-03-23 12:39:27,056 - Mail Sent. Contact: TAP Team. Recipient: info@tapmgmt.com. Song: Psycho. Email Type: General Email
2022-03-23 12:39:29,422 - Mail Sent. Contact: Dani Russin. Recipient: dr@fullstopmgmt.com. Song: Psycho. Email Type: Management Email
2022-03-23 12:39:32,332 - Mail Sent. Contact: Bradley Kriegel. Recipient: bk@fullstopmgmt.com. Song: Psycho. Email Type: Management Email
2022-03-23 12:39:35,014 - Mail Sent. Contact: Christopher Pepe. Recipient: cp@fullstopmgmt.com. Song: Psycho. Email Type: Management Email
2022-03-23 12:39:38,023 - Mail Sent. Contact: Brandon Creed. Recipient: bc@fullstopmgmt.com. Song: Psycho. Email Type: Management Email
2022-03-23 12:39:40,433 - Mail Sent. Contact: Brandon Phelps. Recipient: bp@fullstopmgmt.com. Song: Psycho. Email Type: Management Email
2022-03-23 12:39:42,875 - Mail Sent. Contact: Anna Savage. Recipient: as@fullstopmgmt.com. Song: Psycho. Email Type: Management Email
2022-03-23 12:39:45,385 - Mail Sent. Contact: Jeffrey Azoff. Recipient: ja@fullstopmgmt.com. Song: Psycho. Email Type: Management Email
2022-03-23 12:39:48,274 - Mail Sent. Contact: Camille Goldman. Recipient: cg@fullstopmgmt.com. Song: Psycho. Email Type: Management Email
2022-03-23 12:39:50,635 - Mail Sent. Contact: Tom Skogs. Recipient: ts@fullstopmgmt.com. Song: Psycho. Email Type: Management Email
2022-03-23 12:39:53,089 - Mail Sent. Contact: Brandon. Recipient: brandon@bestfriendsmusic.com. Song: Psycho. Email Type: Management Email
2022-03-23 12:39:55,593 - Mail Sent. Contact: 10k Projects Team. Recipient: Projects@10kprojects.com. Song: Psycho. Email Type: General Email
2022-03-23 12:39:58,156 - Mail Sent. Contact: Lucy. Recipient: lucy@17daysmusic.com. Song: Psycho. Email Type: Normal Email
2022-03-23 12:40:00,540 - Mail Sent. Contact: AG Artists Team. Recipient: info@agartists.com. Song: Psycho. Email Type: General Email
2022-03-23 12:40:03,438 - Mail Sent. Contact: Miles Beard. Recipient: miles.demos@artistpg.com. Song: Psycho. Email Type: Normal Email
2022-03-23 12:40:05,954 - Mail Sent. Contact: Tizita Makuria. Recipient: tizita.demos@artistpg.com. Song: Psycho. Email Type: Normal Email
2022-03-23 12:40:08,784 - Mail Sent. Contact: Andre Herd. Recipient: andre.demos@artistpg.com. Song: Psycho. Email Type: Normal Email
2022-03-23 12:40:11,247 - Mail Sent. Contact: Roxy Silver. Recipient: rsilversubmissions@gmail.com. Song: Psycho. Email Type: Normal Email
2022-03-23 12:40:13,775 - Mail Sent. Contact: Megan McLaughlin. Recipient: megan@arthouseent.com. Song: Psycho. Email Type: Normal Email
2022-03-23 12:40:16,236 - Mail Sent. Contact: Field Trip Records Team. Recipient: ftrsubmissions@gmail.com. Song: Psycho. Email Type: Normal Email
2022-03-23 12:40:18,793 - Mail Sent. Contact: Full Stop Team. Recipient: info@fullstopmgmt.com. Song: Psycho. Email Type: General Email
2022-03-23 12:40:21,319 - Mail Sent. Contact: Nice Live Music Team. Recipient: hello@nice.life. Song: Psycho. Email Type: General Email
2022-03-23 12:40:24,218 - Mail Sent. Contact: TAP Team. Recipient: info@tapmgmt.com. Song: Psycho. Email Type: General Email
2022-03-23 12:40:27,079 - Mail Sent. Contact: Dani Russin. Recipient: dr@fullstopmgmt.com. Song: Psycho. Email Type: Management Email
2022-03-23 12:40:29,623 - Mail Sent. Contact: Bradley Kriegel. Recipient: bk@fullstopmgmt.com. Song: Psycho. Email Type: Management Email
2022-03-23 12:40:32,411 - Mail Sent. Contact: Christopher Pepe. Recipient: cp@fullstopmgmt.com. Song: Psycho. Email Type: Management Email
2022-03-23 12:40:34,838 - Mail Sent. Contact: Brandon Phelps. Recipient: bp@fullstopmgmt.com. Song: Psycho. Email Type: Management Email
2022-03-23 12:40:37,790 - Mail Sent. Contact: Anna Savage. Recipient: as@fullstopmgmt.com. Song: Psycho. Email Type: Management Email
2022-03-23 12:40:40,701 - Mail Sent. Contact: Jeffrey Azoff. Recipient: ja@fullstopmgmt.com. Song: Psycho. Email Type: Management Email
2022-03-23 12:40:43,664 - Mail Sent. Contact: Camille Goldman. Recipient: cg@fullstopmgmt.com. Song: Psycho. Email Type: Management Email
2022-03-23 12:40:46,171 - Mail Sent. Contact: Tom Skogs. Recipient: ts@fullstopmgmt.com. Song: Psycho. Email Type: Management Email
2022-03-23 12:40:48,768 - Mail Sent. Contact: Babz Inc. Team. Recipient: hb@babzinc.com. Song: Psycho. Email Type: Management Email
2022-03-23 12:40:51,190 - Mail Sent. Contact: Brandon. Recipient: brandon@bestfriendsmusic.com. Song: Psycho. Email Type: Management Email
2022-03-23 12:40:54,639 - Mail Sent. Contact: Darin Harmon. Recipient: phoebe@blueraincoatmusic.com. Song: Psycho. Email Type: Management Email
2022-03-23 12:40:57,252 - Mail Sent. Contact: Laura Haber. Recipient: mail@ciullamgmt.com. Song: Psycho. Email Type: Management Email
2022-03-23 12:40:59,707 - Mail Sent. Contact: Andre Herd. Recipient: andre.demos@artistpg.com. Song: Psycho. Email Type: Normal Email
2022-03-23 12:41:02,486 - Mail Sent. Contact: Megan McLaughlin. Recipient: megan@arthouseent.com. Song: Psycho. Email Type: Normal Email
2022-03-23 12:41:04,931 - Mail Sent. Contact: Big Deal Music Team. Recipient: info@bigdealmusic.com. Song: Psycho. Email Type: General Email
2022-03-23 12:41:07,428 - Mail Sent. Contact: Blue Raincoat Music Team. Recipient: info@blueraincoatmusic.com. Song: Psycho. Email Type: General Email
2022-03-23 12:41:09,920 - Mail Sent. Contact: Blue Raincoar Music Team. Recipient: artists@blueraincoatmusic.com. Song: Psycho. Email Type: General Email
2022-03-23 12:41:13,174 - Mail Sent. Contact: Chrysalis Records Team. Recipient: chrysalis@blueraincoatmusic.com. Song: Psycho. Email Type: General Email
